<?xml version="1.0" encoding="UTF-8"?>
<!-- Generated by org.testng.reporters.JUnitReportReporter -->
<testsuite hostname="Guruprasad" failures="0" tests="4" name="Basic.Api_Test_with_Json_file" time="1.027" errors="0" timestamp="2025-06-26T13:14:45 IST" skipped="0">
  <testcase classname="Basic.Api_Test_with_Json_file" name="Aapi_Tc3" time="0.224"/>
  <testcase classname="Basic.Api_Test_with_Json_file" name="Api_Tc3" time="0.221"/>
  <testcase classname="Basic.Api_Test_with_Json_file" name="Api_External_file" time="0.323"/>
  <testcase classname="Basic.Api_Test_with_Json_file" name="Aapi_Tc2" time="0.259"/>
</testsuite> <!-- Basic.Api_Test_with_Json_file -->
