<?xml version="1.0" encoding="UTF-8"?>
<!-- Generated by org.testng.reporters.JUnitReportReporter -->
<testsuite hostname="Guruprasad" failures="0" tests="3" name="Basic.Api_Test_with_Json_file" time="0.922" errors="0" timestamp="2025-06-26T20:35:25 IST" skipped="0">
  <testcase classname="Basic.Api_Test_with_Json_file" name="Api_Tc3" time="0.265"/>
  <testcase classname="Basic.Api_Test_with_Json_file" name="Api_Tc2" time="0.236"/>
  <testcase classname="Basic.Api_Test_with_Json_file" name="Api_Tc4" time="0.421"/>
</testsuite> <!-- Basic.Api_Test_with_Json_file -->
