<?xml version="1.0" encoding="UTF-8"?>
<!-- Generated by org.testng.reporters.JUnitReportReporter -->
<testsuite hostname="Guruprasad" failures="0" tests="3" name="Basic.Api_Test_with_Json_file" time="0.860" errors="0" timestamp="2025-07-25T07:54:56 IST" skipped="0">
  <testcase classname="Basic.Api_Test_with_Json_file" name="Api_Tc3" time="0.268"/>
  <testcase classname="Basic.Api_Test_with_Json_file" name="Api_Tc2" time="0.318"/>
  <testcase classname="Basic.Api_Test_with_Json_file" name="Api_Tc4" time="0.274"/>
</testsuite> <!-- Basic.Api_Test_with_Json_file -->
