<?xml version="1.0" encoding="UTF-8"?>
<!-- Generated by org.testng.reporters.JUnitReportReporter -->
<testsuite hostname="Guruprasad" failures="0" tests="1" name="Basic.Basics" time="4.753" errors="0" timestamp="2025-07-25T07:54:56 IST" skipped="0">
  <testcase classname="Basic.Basics" name="apiTest" time="4.753"/>
</testsuite> <!-- Basic.Basics -->
