<?xml version="1.0" encoding="UTF-8"?>
<!-- Generated by org.testng.reporters.JUnitReportReporter -->
<testsuite hostname="Guruprasad" failures="0" tests="1" name="Basic.Basics" time="4.229" errors="0" timestamp="2025-06-26T20:35:25 IST" skipped="0">
  <testcase classname="Basic.Basics" name="apiTest" time="4.229"/>
</testsuite> <!-- Basic.Basics -->
